<?xml version="1.0" encoding="UTF-8"?>
<!-- Generated by org.testng.reporters.JUnitReportReporter -->
<testsuite hostname="Jeeva" failures="0" tests="3" name="com.CRMTestCases.HomePageTestCase" time="0.731" errors="0" timestamp="2024-07-15T23:00:58 IST" skipped="0">
  <testcase classname="com.CRMTestCases.HomePageTestCase" name="verifyUrl" time="0.048"/>
  <system-out/>
  <testcase classname="com.CRMTestCases.HomePageTestCase" name="verifyTitle" time="0.011"/>
  <system-out/>
  <testcase classname="com.CRMTestCases.HomePageTestCase" name="validateSignInLink" time="0.672"/>
  <system-out/>
</testsuite> <!-- com.CRMTestCases.HomePageTestCase -->
