<?xml version="1.0" encoding="UTF-8"?>
<!-- Generated by org.testng.reporters.JUnitReportReporter -->
<testsuite hostname="Jeeva" failures="0" tests="1" name="com.CrmTests.LoginPage_Test" time="0.741" errors="0" timestamp="2024-07-15T16:50:25 IST" skipped="0">
  <testcase classname="com.CrmTests.LoginPage_Test" name="validateLogin" time="0.741"/>
  <system-out/>
</testsuite> <!-- com.CrmTests.LoginPage_Test -->
