<?xml version="1.0" encoding="UTF-8"?>
<!-- Generated by org.testng.reporters.JUnitReportReporter -->
<testsuite hostname="Jeeva" failures="0" tests="3" name="httpBasicRequest.Create_Update_DeleteSameUser" time="3.202" errors="0" timestamp="2024-07-28T14:22:28 IST" skipped="0">
  <testcase classname="httpBasicRequest.Create_Update_DeleteSameUser" name="createUser" time="2.162"/>
  <system-out/>
  <testcase classname="httpBasicRequest.Create_Update_DeleteSameUser" name="updateSameUser" time="0.482"/>
  <system-out/>
  <testcase classname="httpBasicRequest.Create_Update_DeleteSameUser" name="deleteSameUser" time="0.558"/>
  <system-out/>
</testsuite> <!-- httpBasicRequest.Create_Update_DeleteSameUser -->
