<?xml version="1.0" encoding="UTF-8"?>
<!-- Generated by org.testng.reporters.JUnitReportReporter -->
<testsuite hostname="Jeeva" failures="0" tests="2" name="httpBasicRequest.Get_RequestBDD" time="1.941" errors="0" timestamp="2024-07-27T18:35:06 IST" skipped="0">
  <testcase classname="httpBasicRequest.Get_RequestBDD" name="getSingleUser" time="0.114"/>
  <system-out/>
  <testcase classname="httpBasicRequest.Get_RequestBDD" name="getListOfUsers" time="1.827"/>
  <system-out/>
</testsuite> <!-- httpBasicRequest.Get_RequestBDD -->
