<?xml version="1.0" encoding="UTF-8"?>
<!-- Generated by org.testng.reporters.JUnitReportReporter -->
<testsuite hostname="Jeeva" failures="0" tests="1" name="httpBasicRequest.Post_Request" time="2.516" errors="0" timestamp="2024-07-28T11:52:13 IST" skipped="0">
  <testcase classname="httpBasicRequest.Post_Request" name="validateSingleEntry" time="2.516"/>
  <system-out/>
</testsuite> <!-- httpBasicRequest.Post_Request -->
