<?xml version="1.0" encoding="UTF-8"?>
<!-- Generated by org.testng.reporters.JUnitReportReporter -->
<testsuite hostname="Jeeva" failures="0" tests="1" name="httpBasicRequest.PUT_DELETERequest" time="1.596" errors="0" timestamp="2024-07-28T12:13:29 IST" skipped="0">
  <testcase classname="httpBasicRequest.PUT_DELETERequest" name="deleteUser" time="1.596"/>
  <system-out/>
</testsuite> <!-- httpBasicRequest.PUT_DELETERequest -->
