<?xml version="1.0" encoding="UTF-8"?>
<!-- Generated by org.testng.reporters.JUnitReportReporter -->
<testsuite hostname="Jeeva" failures="0" tests="1" name="httpBasicRequest.Post_Request" time="2.597" errors="0" timestamp="2024-07-27T21:45:49 IST" skipped="0">
  <testcase classname="httpBasicRequest.Post_Request" name="createResource" time="2.597"/>
  <system-out/>
</testsuite> <!-- httpBasicRequest.Post_Request -->
