<?xml version="1.0" encoding="UTF-8"?>
<!-- Generated by org.testng.reporters.JUnitReportReporter -->
<testsuite hostname="Jeeva" failures="0" tests="1" name="apiParameters.CookiesValidation" time="1.820" errors="0" timestamp="2024-07-28T15:56:24 IST" skipped="0">
  <testcase classname="apiParameters.CookiesValidation" name="getSingleCookie" time="1.820"/>
  <system-out/>
</testsuite> <!-- apiParameters.CookiesValidation -->
