<?xml version="1.0" encoding="UTF-8"?>
<!-- Generated by org.testng.reporters.JUnitReportReporter -->
<testsuite hostname="Jeeva" failures="0" tests="2" name="apiParameters.HeaderValidation" time="2.431" errors="0" timestamp="2024-07-28T16:28:01 IST" skipped="0">
  <testcase classname="apiParameters.HeaderValidation" name="getHeader" time="0.630"/>
  <system-out/>
  <testcase classname="apiParameters.HeaderValidation" name="getAllHeaders" time="1.801"/>
  <system-out/>
</testsuite> <!-- apiParameters.HeaderValidation -->
