<?xml version="1.0" encoding="UTF-8"?>
<!-- Generated by org.testng.reporters.JUnitReportReporter -->
<testsuite hostname="Jeeva" failures="0" tests="1" name="apiParameters.DataConversion" time="0.189" errors="0" timestamp="2024-07-28T17:32:21 IST" skipped="0">
  <testcase classname="apiParameters.DataConversion" name="testDeserialization" time="0.189"/>
  <system-out/>
</testsuite> <!-- apiParameters.DataConversion -->
