<?xml version="1.0" encoding="UTF-8"?>
<!-- Generated by org.testng.reporters.JUnitReportReporter -->
<testsuite hostname="Jeeva" failures="0" tests="1" name="apiParameters.Path_QueryParameters" time="1.307" errors="0" timestamp="2024-07-28T14:58:46 IST" skipped="0">
  <testcase classname="apiParameters.Path_QueryParameters" name="Path_QueryParam" time="1.307"/>
  <system-out/>
</testsuite> <!-- apiParameters.Path_QueryParameters -->
