<?xml version="1.0" encoding="UTF-8"?>
<!-- Generated by org.testng.reporters.JUnitReportReporter -->
<testsuite hostname="Jeeva" failures="0" tests="2" name="httpBasicRequest.GETWithoutBDD" time="1.831" errors="0" timestamp="2024-07-27T17:06:17 IST" skipped="0">
  <testcase classname="httpBasicRequest.GETWithoutBDD" name="listOfUsers" time="1.689"/>
  <system-out/>
  <testcase classname="httpBasicRequest.GETWithoutBDD" name="singleUser" time="0.142"/>
  <system-out/>
</testsuite> <!-- httpBasicRequest.GETWithoutBDD -->
