<?xml version="1.0" encoding="UTF-8"?>
<!-- Generated by org.testng.reporters.JUnitReportReporter -->
<testsuite hostname="Jeeva" failures="0" tests="4" name="com.CrmTests.SignInpage_Test" time="4.596" errors="0" timestamp="2024-07-15T15:45:27 IST" skipped="0">
  <testcase classname="com.CrmTests.SignInpage_Test" name="setUp" time="3.447"/>
  <system-out/>
  <testcase classname="com.CrmTests.SignInpage_Test" name="verifyUrl" time="0.015"/>
  <system-out/>
  <testcase classname="com.CrmTests.SignInpage_Test" name="verifyTitle" time="0.009"/>
  <system-out/>
  <testcase classname="com.CrmTests.SignInpage_Test" name="validateSignInLink" time="1.125"/>
  <system-out/>
</testsuite> <!-- com.CrmTests.SignInpage_Test -->
